16:44:53.545 [main] INFO  testCases.TC_LoginDDTTest - *** TC_LoginDDTTest -- Start
16:44:53.587 [main] INFO  testCases.TC_LoginDDTTest - Click on My Account
16:44:53.661 [main] INFO  testCases.TC_LoginDDTTest - Click on Login Link
16:44:54.823 [main] INFO  testCases.TC_LoginDDTTest - Enter user name and password
16:44:55.002 [main] INFO  testCases.TC_LoginDDTTest - Click on Login Button
16:45:26.234 [main] INFO  testCases.TC_LoginDDTTest - *** TC_LoginTest -- Failed due to exception
16:45:26.241 [main] INFO  testCases.TC_LoginDDTTest - *** TC_LoginDDTTest -- Start
16:45:26.241 [main] INFO  testCases.TC_LoginDDTTest - Click on My Account
16:45:26.317 [main] INFO  testCases.TC_LoginDDTTest - Click on Login Link
16:45:56.341 [main] INFO  testCases.TC_LoginDDTTest - *** TC_LoginTest -- Failed due to exception
16:45:56.345 [main] INFO  testCases.TC_LoginDDTTest - *** TC_LoginDDTTest -- Start
16:45:56.345 [main] INFO  testCases.TC_LoginDDTTest - Click on My Account
16:45:56.404 [main] INFO  testCases.TC_LoginDDTTest - Click on Login Link
16:46:26.449 [main] INFO  testCases.TC_LoginDDTTest - *** TC_LoginTest -- Failed due to exception
16:46:26.453 [main] INFO  testCases.TC_LoginDDTTest - *** TC_LoginDDTTest -- Start
16:46:26.453 [main] INFO  testCases.TC_LoginDDTTest - Click on My Account
16:46:26.512 [main] INFO  testCases.TC_LoginDDTTest - Click on Login Link
16:46:56.556 [main] INFO  testCases.TC_LoginDDTTest - *** TC_LoginTest -- Failed due to exception
16:48:43.225 [main] INFO  testCases.TC_LoginDDTTest - *** TC_LoginDDTTest -- Start
16:48:43.241 [main] INFO  testCases.TC_LoginDDTTest - Click on My Account
16:48:43.320 [main] INFO  testCases.TC_LoginDDTTest - Click on Login Link
16:48:45.436 [main] INFO  testCases.TC_LoginDDTTest - Enter user name and password
16:48:45.588 [main] INFO  testCases.TC_LoginDDTTest - Click on Login Button
16:49:16.202 [main] INFO  testCases.TC_LoginDDTTest - *** TC_LoginTest -- Failed due to exception
16:49:16.207 [main] INFO  testCases.TC_LoginDDTTest - *** TC_LoginDDTTest -- Start
16:49:16.207 [main] INFO  testCases.TC_LoginDDTTest - Click on My Account
16:49:16.270 [main] INFO  testCases.TC_LoginDDTTest - Click on Login Link
16:50:14.376 [main] DEBUG io.netty.util.internal.logging.InternalLoggerFactory - Using SLF4J as the default logging framework
16:50:14.382 [main] DEBUG io.netty.util.ResourceLeakDetector - -Dio.netty.leakDetection.level: simple
16:50:14.382 [main] DEBUG io.netty.util.ResourceLeakDetector - -Dio.netty.leakDetection.targetRecords: 4
16:50:14.385 [main] DEBUG io.netty.util.ResourceLeakDetectorFactory - Loaded default ResourceLeakDetector: io.netty.util.ResourceLeakDetector@512d92b
16:50:14.403 [main] DEBUG io.netty.util.internal.PlatformDependent0 - -Dio.netty.noUnsafe: false
16:50:14.403 [main] DEBUG io.netty.util.internal.PlatformDependent0 - Java version: 23
16:50:14.405 [main] DEBUG io.netty.util.internal.PlatformDependent0 - sun.misc.Unsafe.theUnsafe: available
16:50:14.405 [main] DEBUG io.netty.util.internal.PlatformDependent0 - sun.misc.Unsafe.copyMemory: available
16:50:14.406 [main] DEBUG io.netty.util.internal.PlatformDependent0 - sun.misc.Unsafe.storeFence: available
16:50:14.406 [main] DEBUG io.netty.util.internal.PlatformDependent0 - java.nio.Buffer.address: available
16:50:14.407 [main] DEBUG io.netty.util.internal.PlatformDependent0 - direct buffer constructor: unavailable: java.nio.DirectByteBuffer.<init>(long,int)
16:50:14.407 [main] DEBUG io.netty.util.internal.PlatformDependent0 - java.nio.Bits.unaligned: available, true
16:50:14.408 [main] DEBUG io.netty.util.internal.PlatformDependent0 - jdk.internal.misc.Unsafe.allocateUninitializedArray(int): unavailable: class io.netty.util.internal.PlatformDependent0$7 cannot access class jdk.internal.misc.Unsafe (in module java.base) because module java.base does not export jdk.internal.misc to unnamed module @dcf3e99
16:50:14.409 [main] DEBUG io.netty.util.internal.PlatformDependent0 - java.nio.DirectByteBuffer.<init>(long, int): unavailable
16:50:14.409 [main] DEBUG io.netty.util.internal.PlatformDependent - sun.misc.Unsafe: available
16:50:14.410 [main] DEBUG io.netty.util.internal.PlatformDependent - maxDirectMemory: 4217372672 bytes (maybe)
16:50:14.410 [main] DEBUG io.netty.util.internal.PlatformDependent - -Dio.netty.tmpdir: C:\Users\raooosub\AppData\Local\Temp (java.io.tmpdir)
16:50:14.410 [main] DEBUG io.netty.util.internal.PlatformDependent - -Dio.netty.bitMode: 64 (sun.arch.data.model)
16:50:14.411 [main] DEBUG io.netty.util.internal.PlatformDependent - Platform: Windows
16:50:14.412 [main] DEBUG io.netty.util.internal.PlatformDependent - -Dio.netty.maxDirectMemory: -1 bytes
16:50:14.412 [main] DEBUG io.netty.util.internal.PlatformDependent - -Dio.netty.uninitializedArrayAllocationThreshold: -1
16:50:14.413 [main] DEBUG io.netty.util.internal.CleanerJava9 - java.nio.ByteBuffer.cleaner(): available
16:50:14.413 [main] DEBUG io.netty.util.internal.PlatformDependent - -Dio.netty.noPreferDirect: false
16:50:14.419 [main] DEBUG io.netty.util.internal.PlatformDependent - org.jctools-core.MpscChunkedArrayQueue: available
16:50:14.436 [main] DEBUG io.netty.util.internal.InternalThreadLocalMap - -Dio.netty.threadLocalMap.stringBuilder.initialSize: 1024
16:50:14.436 [main] DEBUG io.netty.util.internal.InternalThreadLocalMap - -Dio.netty.threadLocalMap.stringBuilder.maxSize: 4096
16:50:14.596 [main] DEBUG io.netty.handler.ssl.JdkSslContext - Default protocols (JDK): [TLSv1.3, TLSv1.2] 
16:50:14.596 [main] DEBUG io.netty.handler.ssl.JdkSslContext - Default cipher suites (JDK): [TLS_ECDHE_ECDSA_WITH_AES_256_GCM_SHA384, TLS_ECDHE_ECDSA_WITH_AES_128_GCM_SHA256, TLS_ECDHE_RSA_WITH_AES_128_GCM_SHA256, TLS_ECDHE_RSA_WITH_AES_256_GCM_SHA384, TLS_ECDHE_RSA_WITH_AES_128_CBC_SHA, TLS_ECDHE_RSA_WITH_AES_256_CBC_SHA, TLS_RSA_WITH_AES_128_GCM_SHA256, TLS_RSA_WITH_AES_128_CBC_SHA, TLS_RSA_WITH_AES_256_CBC_SHA, TLS_AES_128_GCM_SHA256, TLS_AES_256_GCM_SHA384]
16:50:14.606 [main] DEBUG io.netty.util.concurrent.GlobalEventExecutor - -Dio.netty.globalEventExecutor.quietPeriodSeconds: 1
16:50:14.616 [main] DEBUG io.netty.channel.MultithreadEventLoopGroup - -Dio.netty.eventLoopThreads: 16
16:50:14.622 [main] DEBUG io.netty.channel.nio.NioEventLoop - -Dio.netty.noKeySetOptimization: false
16:50:14.622 [main] DEBUG io.netty.channel.nio.NioEventLoop - -Dio.netty.selectorAutoRebuildThreshold: 512
16:50:14.656 [main] DEBUG io.netty.buffer.PooledByteBufAllocator - -Dio.netty.allocator.numHeapArenas: 16
16:50:14.656 [main] DEBUG io.netty.buffer.PooledByteBufAllocator - -Dio.netty.allocator.numDirectArenas: 16
16:50:14.656 [main] DEBUG io.netty.buffer.PooledByteBufAllocator - -Dio.netty.allocator.pageSize: 8192
16:50:14.656 [main] DEBUG io.netty.buffer.PooledByteBufAllocator - -Dio.netty.allocator.maxOrder: 9
16:50:14.656 [main] DEBUG io.netty.buffer.PooledByteBufAllocator - -Dio.netty.allocator.chunkSize: 4194304
16:50:14.656 [main] DEBUG io.netty.buffer.PooledByteBufAllocator - -Dio.netty.allocator.smallCacheSize: 256
16:50:14.656 [main] DEBUG io.netty.buffer.PooledByteBufAllocator - -Dio.netty.allocator.normalCacheSize: 64
16:50:14.656 [main] DEBUG io.netty.buffer.PooledByteBufAllocator - -Dio.netty.allocator.maxCachedBufferCapacity: 32768
16:50:14.656 [main] DEBUG io.netty.buffer.PooledByteBufAllocator - -Dio.netty.allocator.cacheTrimInterval: 8192
16:50:14.656 [main] DEBUG io.netty.buffer.PooledByteBufAllocator - -Dio.netty.allocator.cacheTrimIntervalMillis: 0
16:50:14.656 [main] DEBUG io.netty.buffer.PooledByteBufAllocator - -Dio.netty.allocator.useCacheForAllThreads: false
16:50:14.656 [main] DEBUG io.netty.buffer.PooledByteBufAllocator - -Dio.netty.allocator.maxCachedByteBuffersPerChunk: 1023
16:50:14.666 [main] DEBUG io.netty.buffer.ByteBufUtil - -Dio.netty.allocator.type: pooled
16:50:14.666 [main] DEBUG io.netty.buffer.ByteBufUtil - -Dio.netty.threadLocalDirectBufferSize: 0
16:50:14.666 [main] DEBUG io.netty.buffer.ByteBufUtil - -Dio.netty.maxThreadLocalCharBufferSize: 16384
16:50:14.882 [Forwarding newSession on session null to remote] DEBUG io.netty.channel.DefaultChannelId - -Dio.netty.processId: 13320 (auto-detected)
16:50:14.883 [Forwarding newSession on session null to remote] DEBUG io.netty.util.NetUtil - -Djava.net.preferIPv4Stack: false
16:50:14.883 [Forwarding newSession on session null to remote] DEBUG io.netty.util.NetUtil - -Djava.net.preferIPv6Addresses: false
16:50:14.884 [Forwarding newSession on session null to remote] DEBUG io.netty.util.NetUtilInitializations - Loopback interface: loopback_0 (Software Loopback Interface 1, 0:0:0:0:0:0:0:1)
16:50:14.885 [Forwarding newSession on session null to remote] DEBUG io.netty.util.NetUtil - Failed to get SOMAXCONN from sysctl and file \proc\sys\net\core\somaxconn. Default: 200
16:50:14.885 [Forwarding newSession on session null to remote] DEBUG io.netty.channel.DefaultChannelId - -Dio.netty.machineId: 3c:21:9c:ff:fe:30:45:49 (auto-detected)
16:50:14.917 [AsyncHttpClient-1-2] DEBUG io.netty.buffer.AbstractByteBuf - -Dio.netty.buffer.checkAccessible: true
16:50:14.917 [AsyncHttpClient-1-2] DEBUG io.netty.buffer.AbstractByteBuf - -Dio.netty.buffer.checkBounds: true
16:50:14.917 [AsyncHttpClient-1-2] DEBUG io.netty.util.ResourceLeakDetectorFactory - Loaded default ResourceLeakDetector: io.netty.util.ResourceLeakDetector@410debef
16:50:14.937 [AsyncHttpClient-1-2] DEBUG org.asynchttpclient.netty.channel.NettyConnectListener - Using new Channel '[id: 0x75b54932, L:/127.0.0.1:63606 - R:localhost/127.0.0.1:42445]' for 'POST' to '/session'
16:50:14.946 [AsyncHttpClient-1-2] DEBUG io.netty.util.Recycler - -Dio.netty.recycler.maxCapacityPerThread: 4096
16:50:14.947 [AsyncHttpClient-1-2] DEBUG io.netty.util.Recycler - -Dio.netty.recycler.ratio: 8
16:50:14.947 [AsyncHttpClient-1-2] DEBUG io.netty.util.Recycler - -Dio.netty.recycler.chunkSize: 32
16:50:14.947 [AsyncHttpClient-1-2] DEBUG io.netty.util.Recycler - -Dio.netty.recycler.blocking: false
16:50:14.947 [AsyncHttpClient-1-2] DEBUG io.netty.util.Recycler - -Dio.netty.recycler.batchFastThreadLocalOnly: true
16:50:15.605 [AsyncHttpClient-1-2] DEBUG io.netty.handler.codec.compression.Brotli - brotli4j not in the classpath; Brotli support will be unavailable.
16:50:15.607 [AsyncHttpClient-1-2] DEBUG org.asynchttpclient.netty.handler.HttpHandler - 

Request DefaultHttpRequest(decodeResult: success, version: HTTP/1.1)
POST /session HTTP/1.1
User-Agent: selenium/4.10.0 (java windows)
Content-Length: 257
Content-Type: application/json; charset=utf-8
host: localhost:42445
accept: */*

Response DefaultHttpResponse(decodeResult: success, version: HTTP/1.1)
HTTP/1.1 200 OK
Content-Length: 857
Content-Type: application/json; charset=utf-8
cache-control: no-cache

16:50:15.612 [AsyncHttpClient-1-2] DEBUG org.asynchttpclient.netty.channel.ChannelManager - Adding key: http://localhost:42445 for channel [id: 0x75b54932, L:/127.0.0.1:63606 - R:localhost/127.0.0.1:42445]
16:50:15.624 [AsyncHttpClient-1-1] DEBUG org.asynchttpclient.netty.channel.DefaultChannelPool - Entry count for : http://localhost:42445 : 1
16:50:15.705 [AsyncHttpClient-1-3] DEBUG org.asynchttpclient.netty.channel.NettyConnectListener - Using new Channel '[id: 0x2e99d52e, L:/127.0.0.1:63613 - R:localhost/127.0.0.1:63607]' for 'GET' to '/json/version'
16:50:15.712 [AsyncHttpClient-1-3] DEBUG org.asynchttpclient.netty.handler.HttpHandler - 

Request DefaultFullHttpRequest(decodeResult: success, version: HTTP/1.1, content: EmptyByteBufBE)
GET /json/version HTTP/1.1
User-Agent: selenium/4.10.0 (java windows)
host: localhost:63607
accept: */*

Response DefaultHttpResponse(decodeResult: success, version: HTTP/1.1)
HTTP/1.1 200 OK
Content-Security-Policy: frame-ancestors 'none'
Content-Length: 432
Content-Type: application/json; charset=UTF-8

16:50:15.712 [AsyncHttpClient-1-3] DEBUG org.asynchttpclient.netty.channel.ChannelManager - Adding key: http://localhost:63607 for channel [id: 0x2e99d52e, L:/127.0.0.1:63613 - R:localhost/127.0.0.1:63607]
16:50:15.723 [main] DEBUG io.netty.util.internal.ThreadLocalRandom - -Dio.netty.initialSeedUniquifier: 0xc74f964d95df7098
16:50:15.727 [AsyncHttpClient-1-4] DEBUG org.asynchttpclient.netty.channel.NettyConnectListener - Using new Channel '[id: 0xeb5d27c0, L:/127.0.0.1:63614 - R:localhost/127.0.0.1:63607]' for 'GET' to '/devtools/browser/fc5b46da-35f8-4e01-9383-f632fa1fe032'
16:50:15.731 [AsyncHttpClient-1-4] DEBUG org.asynchttpclient.netty.handler.WebSocketHandler - 

Request DefaultFullHttpRequest(decodeResult: success, version: HTTP/1.1, content: EmptyByteBufBE)
GET /devtools/browser/fc5b46da-35f8-4e01-9383-f632fa1fe032 HTTP/1.1
upgrade: websocket
connection: upgrade
sec-websocket-key: m2hb4uv4VzxzeZK5FYsgfA==
sec-websocket-version: 13
origin: http://localhost:63607
host: localhost:63607
accept: */*
user-agent: AHC/2.1

Response DefaultHttpResponse(decodeResult: success, version: HTTP/1.1)
HTTP/1.1 101 WebSocket Protocol Handshake
Upgrade: WebSocket
Connection: Upgrade
Sec-WebSocket-Accept: wk6T4HM4EWQA1zIavCFiAIO6kbY=

16:50:15.767 [Forwarding deleteAllCookies on session 1b789b88c4e722deaa03dfdd83c06fca to remote] DEBUG org.asynchttpclient.netty.request.NettyRequestSender - Using pooled Channel '[id: 0x75b54932, L:/127.0.0.1:63606 - R:localhost/127.0.0.1:42445]' for 'DELETE' to 'http://localhost:42445/session/1b789b88c4e722deaa03dfdd83c06fca/cookie'
16:50:15.767 [Forwarding deleteAllCookies on session 1b789b88c4e722deaa03dfdd83c06fca to remote] DEBUG org.asynchttpclient.netty.request.NettyRequestSender - Using open Channel [id: 0x75b54932, L:/127.0.0.1:63606 - R:localhost/127.0.0.1:42445] for DELETE '/session/1b789b88c4e722deaa03dfdd83c06fca/cookie'
16:50:15.776 [AsyncHttpClient-1-2] DEBUG org.asynchttpclient.netty.handler.HttpHandler - 

Request DefaultFullHttpRequest(decodeResult: success, version: HTTP/1.1, content: EmptyByteBufBE)
DELETE /session/1b789b88c4e722deaa03dfdd83c06fca/cookie HTTP/1.1
User-Agent: selenium/4.10.0 (java windows)
Content-Type: application/json; charset=utf-8
host: localhost:42445
accept: */*

Response DefaultHttpResponse(decodeResult: success, version: HTTP/1.1)
HTTP/1.1 200 OK
Content-Length: 14
Content-Type: application/json; charset=utf-8
cache-control: no-cache

16:50:15.776 [AsyncHttpClient-1-2] DEBUG org.asynchttpclient.netty.channel.ChannelManager - Adding key: http://localhost:42445 for channel [id: 0x75b54932, L:/127.0.0.1:63606 - R:localhost/127.0.0.1:42445]
16:50:15.782 [Forwarding setTimeout on session 1b789b88c4e722deaa03dfdd83c06fca to remote] DEBUG org.asynchttpclient.netty.request.NettyRequestSender - Using pooled Channel '[id: 0x75b54932, L:/127.0.0.1:63606 - R:localhost/127.0.0.1:42445]' for 'POST' to 'http://localhost:42445/session/1b789b88c4e722deaa03dfdd83c06fca/timeouts'
16:50:15.782 [Forwarding setTimeout on session 1b789b88c4e722deaa03dfdd83c06fca to remote] DEBUG org.asynchttpclient.netty.request.NettyRequestSender - Using open Channel [id: 0x75b54932, L:/127.0.0.1:63606 - R:localhost/127.0.0.1:42445] for POST '/session/1b789b88c4e722deaa03dfdd83c06fca/timeouts'
16:50:15.784 [AsyncHttpClient-1-2] DEBUG org.asynchttpclient.netty.handler.HttpHandler - 

Request DefaultHttpRequest(decodeResult: success, version: HTTP/1.1)
POST /session/1b789b88c4e722deaa03dfdd83c06fca/timeouts HTTP/1.1
User-Agent: selenium/4.10.0 (java windows)
Content-Length: 23
Content-Type: application/json; charset=utf-8
host: localhost:42445
accept: */*

Response DefaultHttpResponse(decodeResult: success, version: HTTP/1.1)
HTTP/1.1 200 OK
Content-Length: 14
Content-Type: application/json; charset=utf-8
cache-control: no-cache

16:50:15.784 [AsyncHttpClient-1-2] DEBUG org.asynchttpclient.netty.channel.ChannelManager - Adding key: http://localhost:42445 for channel [id: 0x75b54932, L:/127.0.0.1:63606 - R:localhost/127.0.0.1:42445]
16:50:15.797 [Forwarding get on session 1b789b88c4e722deaa03dfdd83c06fca to remote] DEBUG org.asynchttpclient.netty.request.NettyRequestSender - Using pooled Channel '[id: 0x75b54932, L:/127.0.0.1:63606 - R:localhost/127.0.0.1:42445]' for 'POST' to 'http://localhost:42445/session/1b789b88c4e722deaa03dfdd83c06fca/url'
16:50:15.797 [Forwarding get on session 1b789b88c4e722deaa03dfdd83c06fca to remote] DEBUG org.asynchttpclient.netty.request.NettyRequestSender - Using open Channel [id: 0x75b54932, L:/127.0.0.1:63606 - R:localhost/127.0.0.1:42445] for POST '/session/1b789b88c4e722deaa03dfdd83c06fca/url'
16:50:16.472 [AsyncHttpClient-1-2] DEBUG org.asynchttpclient.netty.handler.HttpHandler - 

Request DefaultHttpRequest(decodeResult: success, version: HTTP/1.1)
POST /session/1b789b88c4e722deaa03dfdd83c06fca/url HTTP/1.1
User-Agent: selenium/4.10.0 (java windows)
Content-Length: 67
Content-Type: application/json; charset=utf-8
host: localhost:42445
accept: */*

Response DefaultHttpResponse(decodeResult: success, version: HTTP/1.1)
HTTP/1.1 200 OK
Content-Length: 14
Content-Type: application/json; charset=utf-8
cache-control: no-cache

16:50:16.473 [AsyncHttpClient-1-2] DEBUG org.asynchttpclient.netty.channel.ChannelManager - Adding key: http://localhost:42445 for channel [id: 0x75b54932, L:/127.0.0.1:63606 - R:localhost/127.0.0.1:42445]
16:50:16.475 [Forwarding maximizeCurrentWindow on session 1b789b88c4e722deaa03dfdd83c06fca to remote] DEBUG org.asynchttpclient.netty.request.NettyRequestSender - Using pooled Channel '[id: 0x75b54932, L:/127.0.0.1:63606 - R:localhost/127.0.0.1:42445]' for 'POST' to 'http://localhost:42445/session/1b789b88c4e722deaa03dfdd83c06fca/window/maximize'
16:50:16.475 [Forwarding maximizeCurrentWindow on session 1b789b88c4e722deaa03dfdd83c06fca to remote] DEBUG org.asynchttpclient.netty.request.NettyRequestSender - Using open Channel [id: 0x75b54932, L:/127.0.0.1:63606 - R:localhost/127.0.0.1:42445] for POST '/session/1b789b88c4e722deaa03dfdd83c06fca/window/maximize'
16:50:16.505 [AsyncHttpClient-1-2] DEBUG org.asynchttpclient.netty.handler.HttpHandler - 

Request DefaultHttpRequest(decodeResult: success, version: HTTP/1.1)
POST /session/1b789b88c4e722deaa03dfdd83c06fca/window/maximize HTTP/1.1
User-Agent: selenium/4.10.0 (java windows)
Content-Length: 3
Content-Type: application/json; charset=utf-8
host: localhost:42445
accept: */*

Response DefaultHttpResponse(decodeResult: success, version: HTTP/1.1)
HTTP/1.1 200 OK
Content-Length: 51
Content-Type: application/json; charset=utf-8
cache-control: no-cache

16:50:16.506 [AsyncHttpClient-1-2] DEBUG org.asynchttpclient.netty.channel.ChannelManager - Adding key: http://localhost:42445 for channel [id: 0x75b54932, L:/127.0.0.1:63606 - R:localhost/127.0.0.1:42445]
16:50:16.661 [main] DEBUG org.apache.poi.openxml4j.opc.PackageRelationshipCollection - Parsing relationship: /xl/_rels/workbook.xml.rels
16:50:16.665 [main] DEBUG org.apache.poi.openxml4j.opc.PackageRelationshipCollection - Parsing relationship: /xl/worksheets/_rels/sheet1.xml.rels
16:50:16.667 [main] DEBUG org.apache.poi.openxml4j.opc.PackageRelationshipCollection - Parsing relationship: /_rels/.rels
16:50:16.727 [AsyncHttpClient-1-1] DEBUG org.asynchttpclient.netty.channel.DefaultChannelPool - Entry count for : http://localhost:63607 : 1
16:50:16.727 [AsyncHttpClient-1-1] DEBUG org.asynchttpclient.netty.channel.DefaultChannelPool - Entry count for : http://localhost:42445 : 1
16:50:17.147 [main] DEBUG org.apache.poi.ooxml.POIXMLFactory - using default POIXMLDocumentPart for http://schemas.openxmlformats.org/officeDocument/2006/relationships/printerSettings
16:50:17.246 [main] DEBUG org.apache.poi.openxml4j.opc.PackageRelationshipCollection - Parsing relationship: /xl/_rels/workbook.xml.rels
16:50:17.247 [main] DEBUG org.apache.poi.openxml4j.opc.PackageRelationshipCollection - Parsing relationship: /xl/worksheets/_rels/sheet1.xml.rels
16:50:17.248 [main] DEBUG org.apache.poi.openxml4j.opc.PackageRelationshipCollection - Parsing relationship: /_rels/.rels
16:50:17.264 [main] DEBUG org.apache.poi.ooxml.POIXMLFactory - using default POIXMLDocumentPart for http://schemas.openxmlformats.org/officeDocument/2006/relationships/printerSettings
16:50:17.283 [main] DEBUG org.apache.poi.openxml4j.opc.PackageRelationshipCollection - Parsing relationship: /xl/_rels/workbook.xml.rels
16:50:17.284 [main] DEBUG org.apache.poi.openxml4j.opc.PackageRelationshipCollection - Parsing relationship: /xl/worksheets/_rels/sheet1.xml.rels
16:50:17.285 [main] DEBUG org.apache.poi.openxml4j.opc.PackageRelationshipCollection - Parsing relationship: /_rels/.rels
16:50:17.297 [main] DEBUG org.apache.poi.ooxml.POIXMLFactory - using default POIXMLDocumentPart for http://schemas.openxmlformats.org/officeDocument/2006/relationships/printerSettings
16:50:17.320 [main] DEBUG org.apache.poi.openxml4j.opc.PackageRelationshipCollection - Parsing relationship: /xl/_rels/workbook.xml.rels
16:50:17.322 [main] DEBUG org.apache.poi.openxml4j.opc.PackageRelationshipCollection - Parsing relationship: /xl/worksheets/_rels/sheet1.xml.rels
16:50:17.323 [main] DEBUG org.apache.poi.openxml4j.opc.PackageRelationshipCollection - Parsing relationship: /_rels/.rels
16:50:17.337 [main] DEBUG org.apache.poi.ooxml.POIXMLFactory - using default POIXMLDocumentPart for http://schemas.openxmlformats.org/officeDocument/2006/relationships/printerSettings
16:50:17.350 [main] DEBUG org.apache.poi.openxml4j.opc.PackageRelationshipCollection - Parsing relationship: /xl/_rels/workbook.xml.rels
16:50:17.351 [main] DEBUG org.apache.poi.openxml4j.opc.PackageRelationshipCollection - Parsing relationship: /xl/worksheets/_rels/sheet1.xml.rels
16:50:17.353 [main] DEBUG org.apache.poi.openxml4j.opc.PackageRelationshipCollection - Parsing relationship: /_rels/.rels
16:50:17.362 [main] DEBUG org.apache.poi.ooxml.POIXMLFactory - using default POIXMLDocumentPart for http://schemas.openxmlformats.org/officeDocument/2006/relationships/printerSettings
16:50:17.373 [main] DEBUG org.apache.poi.openxml4j.opc.PackageRelationshipCollection - Parsing relationship: /xl/_rels/workbook.xml.rels
16:50:17.373 [main] DEBUG org.apache.poi.openxml4j.opc.PackageRelationshipCollection - Parsing relationship: /xl/worksheets/_rels/sheet1.xml.rels
16:50:17.374 [main] DEBUG org.apache.poi.openxml4j.opc.PackageRelationshipCollection - Parsing relationship: /_rels/.rels
16:50:17.386 [main] DEBUG org.apache.poi.ooxml.POIXMLFactory - using default POIXMLDocumentPart for http://schemas.openxmlformats.org/officeDocument/2006/relationships/printerSettings
16:50:17.398 [main] DEBUG org.apache.poi.openxml4j.opc.PackageRelationshipCollection - Parsing relationship: /xl/_rels/workbook.xml.rels
16:50:17.399 [main] DEBUG org.apache.poi.openxml4j.opc.PackageRelationshipCollection - Parsing relationship: /xl/worksheets/_rels/sheet1.xml.rels
16:50:17.400 [main] DEBUG org.apache.poi.openxml4j.opc.PackageRelationshipCollection - Parsing relationship: /_rels/.rels
16:50:17.407 [main] DEBUG org.apache.poi.ooxml.POIXMLFactory - using default POIXMLDocumentPart for http://schemas.openxmlformats.org/officeDocument/2006/relationships/printerSettings
16:50:17.425 [main] DEBUG org.apache.poi.openxml4j.opc.PackageRelationshipCollection - Parsing relationship: /xl/_rels/workbook.xml.rels
16:50:17.426 [main] DEBUG org.apache.poi.openxml4j.opc.PackageRelationshipCollection - Parsing relationship: /xl/worksheets/_rels/sheet1.xml.rels
16:50:17.426 [main] DEBUG org.apache.poi.openxml4j.opc.PackageRelationshipCollection - Parsing relationship: /_rels/.rels
16:50:17.437 [main] DEBUG org.apache.poi.ooxml.POIXMLFactory - using default POIXMLDocumentPart for http://schemas.openxmlformats.org/officeDocument/2006/relationships/printerSettings
16:50:17.449 [main] DEBUG org.apache.poi.openxml4j.opc.PackageRelationshipCollection - Parsing relationship: /xl/_rels/workbook.xml.rels
16:50:17.449 [main] DEBUG org.apache.poi.openxml4j.opc.PackageRelationshipCollection - Parsing relationship: /xl/worksheets/_rels/sheet1.xml.rels
16:50:17.450 [main] DEBUG org.apache.poi.openxml4j.opc.PackageRelationshipCollection - Parsing relationship: /_rels/.rels
16:50:17.455 [main] DEBUG org.apache.poi.ooxml.POIXMLFactory - using default POIXMLDocumentPart for http://schemas.openxmlformats.org/officeDocument/2006/relationships/printerSettings
16:50:17.464 [main] DEBUG org.apache.poi.openxml4j.opc.PackageRelationshipCollection - Parsing relationship: /xl/_rels/workbook.xml.rels
16:50:17.465 [main] DEBUG org.apache.poi.openxml4j.opc.PackageRelationshipCollection - Parsing relationship: /xl/worksheets/_rels/sheet1.xml.rels
16:50:17.465 [main] DEBUG org.apache.poi.openxml4j.opc.PackageRelationshipCollection - Parsing relationship: /_rels/.rels
16:50:17.471 [main] DEBUG org.apache.poi.ooxml.POIXMLFactory - using default POIXMLDocumentPart for http://schemas.openxmlformats.org/officeDocument/2006/relationships/printerSettings
16:50:17.479 [main] DEBUG org.apache.poi.openxml4j.opc.PackageRelationshipCollection - Parsing relationship: /xl/_rels/workbook.xml.rels
16:50:17.479 [main] DEBUG org.apache.poi.openxml4j.opc.PackageRelationshipCollection - Parsing relationship: /xl/worksheets/_rels/sheet1.xml.rels
16:50:17.480 [main] DEBUG org.apache.poi.openxml4j.opc.PackageRelationshipCollection - Parsing relationship: /_rels/.rels
16:50:17.487 [main] DEBUG org.apache.poi.ooxml.POIXMLFactory - using default POIXMLDocumentPart for http://schemas.openxmlformats.org/officeDocument/2006/relationships/printerSettings
16:50:17.494 [main] DEBUG org.apache.poi.openxml4j.opc.PackageRelationshipCollection - Parsing relationship: /xl/_rels/workbook.xml.rels
16:50:17.495 [main] DEBUG org.apache.poi.openxml4j.opc.PackageRelationshipCollection - Parsing relationship: /xl/worksheets/_rels/sheet1.xml.rels
16:50:17.495 [main] DEBUG org.apache.poi.openxml4j.opc.PackageRelationshipCollection - Parsing relationship: /_rels/.rels
16:50:17.501 [main] DEBUG org.apache.poi.ooxml.POIXMLFactory - using default POIXMLDocumentPart for http://schemas.openxmlformats.org/officeDocument/2006/relationships/printerSettings
16:50:17.509 [main] DEBUG org.apache.poi.openxml4j.opc.PackageRelationshipCollection - Parsing relationship: /xl/_rels/workbook.xml.rels
16:50:17.510 [main] DEBUG org.apache.poi.openxml4j.opc.PackageRelationshipCollection - Parsing relationship: /xl/worksheets/_rels/sheet1.xml.rels
16:50:17.511 [main] DEBUG org.apache.poi.openxml4j.opc.PackageRelationshipCollection - Parsing relationship: /_rels/.rels
16:50:17.517 [main] DEBUG org.apache.poi.ooxml.POIXMLFactory - using default POIXMLDocumentPart for http://schemas.openxmlformats.org/officeDocument/2006/relationships/printerSettings
16:50:17.527 [main] DEBUG org.apache.poi.openxml4j.opc.PackageRelationshipCollection - Parsing relationship: /xl/_rels/workbook.xml.rels
16:50:17.527 [main] DEBUG org.apache.poi.openxml4j.opc.PackageRelationshipCollection - Parsing relationship: /xl/worksheets/_rels/sheet1.xml.rels
16:50:17.528 [main] DEBUG org.apache.poi.openxml4j.opc.PackageRelationshipCollection - Parsing relationship: /_rels/.rels
16:50:17.532 [main] DEBUG org.apache.poi.ooxml.POIXMLFactory - using default POIXMLDocumentPart for http://schemas.openxmlformats.org/officeDocument/2006/relationships/printerSettings
16:50:17.548 [main] INFO  testCases.TC_LoginDDTTest - *** TC_LoginDDTTest -- Start
16:50:17.564 [main] INFO  testCases.TC_LoginDDTTest - Click on My Account
16:50:17.566 [Forwarding findElement on session 1b789b88c4e722deaa03dfdd83c06fca to remote] DEBUG org.asynchttpclient.netty.request.NettyRequestSender - Using pooled Channel '[id: 0x75b54932, L:/127.0.0.1:63606 - R:localhost/127.0.0.1:42445]' for 'POST' to 'http://localhost:42445/session/1b789b88c4e722deaa03dfdd83c06fca/element'
16:50:17.566 [Forwarding findElement on session 1b789b88c4e722deaa03dfdd83c06fca to remote] DEBUG org.asynchttpclient.netty.request.NettyRequestSender - Using open Channel [id: 0x75b54932, L:/127.0.0.1:63606 - R:localhost/127.0.0.1:42445] for POST '/session/1b789b88c4e722deaa03dfdd83c06fca/element'
16:50:17.579 [AsyncHttpClient-1-2] DEBUG org.asynchttpclient.netty.handler.HttpHandler - 

Request DefaultHttpRequest(decodeResult: success, version: HTTP/1.1)
POST /session/1b789b88c4e722deaa03dfdd83c06fca/element HTTP/1.1
User-Agent: selenium/4.10.0 (java windows)
Content-Length: 86
Content-Type: application/json; charset=utf-8
host: localhost:42445
accept: */*

Response DefaultHttpResponse(decodeResult: success, version: HTTP/1.1)
HTTP/1.1 200 OK
Content-Length: 126
Content-Type: application/json; charset=utf-8
cache-control: no-cache

16:50:17.579 [AsyncHttpClient-1-2] DEBUG org.asynchttpclient.netty.channel.ChannelManager - Adding key: http://localhost:42445 for channel [id: 0x75b54932, L:/127.0.0.1:63606 - R:localhost/127.0.0.1:42445]
16:50:17.583 [Forwarding clickElement on session 1b789b88c4e722deaa03dfdd83c06fca to remote] DEBUG org.asynchttpclient.netty.request.NettyRequestSender - Using pooled Channel '[id: 0x75b54932, L:/127.0.0.1:63606 - R:localhost/127.0.0.1:42445]' for 'POST' to 'http://localhost:42445/session/1b789b88c4e722deaa03dfdd83c06fca/element/f.878D7FE4F756F12197F95938A6B05667.d.5481ED9086EBCEBE19BC4019F28DCB45.e.80/click'
16:50:17.584 [Forwarding clickElement on session 1b789b88c4e722deaa03dfdd83c06fca to remote] DEBUG org.asynchttpclient.netty.request.NettyRequestSender - Using open Channel [id: 0x75b54932, L:/127.0.0.1:63606 - R:localhost/127.0.0.1:42445] for POST '/session/1b789b88c4e722deaa03dfdd83c06fca/element/f.878D7FE4F756F12197F95938A6B05667.d.5481ED9086EBCEBE19BC4019F28DCB45.e.80/click'
16:50:17.642 [AsyncHttpClient-1-2] DEBUG org.asynchttpclient.netty.handler.HttpHandler - 

Request DefaultHttpRequest(decodeResult: success, version: HTTP/1.1)
POST /session/1b789b88c4e722deaa03dfdd83c06fca/element/f.878D7FE4F756F12197F95938A6B05667.d.5481ED9086EBCEBE19BC4019F28DCB45.e.80/click HTTP/1.1
User-Agent: selenium/4.10.0 (java windows)
Content-Length: 88
Content-Type: application/json; charset=utf-8
host: localhost:42445
accept: */*

Response DefaultHttpResponse(decodeResult: success, version: HTTP/1.1)
HTTP/1.1 200 OK
Content-Length: 14
Content-Type: application/json; charset=utf-8
cache-control: no-cache

16:50:17.643 [AsyncHttpClient-1-2] DEBUG org.asynchttpclient.netty.channel.ChannelManager - Adding key: http://localhost:42445 for channel [id: 0x75b54932, L:/127.0.0.1:63606 - R:localhost/127.0.0.1:42445]
16:50:17.644 [main] INFO  testCases.TC_LoginDDTTest - Click on Login Link
16:50:17.645 [Forwarding findElement on session 1b789b88c4e722deaa03dfdd83c06fca to remote] DEBUG org.asynchttpclient.netty.request.NettyRequestSender - Using pooled Channel '[id: 0x75b54932, L:/127.0.0.1:63606 - R:localhost/127.0.0.1:42445]' for 'POST' to 'http://localhost:42445/session/1b789b88c4e722deaa03dfdd83c06fca/element'
16:50:17.645 [Forwarding findElement on session 1b789b88c4e722deaa03dfdd83c06fca to remote] DEBUG org.asynchttpclient.netty.request.NettyRequestSender - Using open Channel [id: 0x75b54932, L:/127.0.0.1:63606 - R:localhost/127.0.0.1:42445] for POST '/session/1b789b88c4e722deaa03dfdd83c06fca/element'
16:50:17.659 [AsyncHttpClient-1-2] DEBUG org.asynchttpclient.netty.handler.HttpHandler - 

Request DefaultHttpRequest(decodeResult: success, version: HTTP/1.1)
POST /session/1b789b88c4e722deaa03dfdd83c06fca/element HTTP/1.1
User-Agent: selenium/4.10.0 (java windows)
Content-Length: 78
Content-Type: application/json; charset=utf-8
host: localhost:42445
accept: */*

Response DefaultHttpResponse(decodeResult: success, version: HTTP/1.1)
HTTP/1.1 200 OK
Content-Length: 126
Content-Type: application/json; charset=utf-8
cache-control: no-cache

16:50:17.659 [AsyncHttpClient-1-2] DEBUG org.asynchttpclient.netty.channel.ChannelManager - Adding key: http://localhost:42445 for channel [id: 0x75b54932, L:/127.0.0.1:63606 - R:localhost/127.0.0.1:42445]
16:50:17.660 [Forwarding clickElement on session 1b789b88c4e722deaa03dfdd83c06fca to remote] DEBUG org.asynchttpclient.netty.request.NettyRequestSender - Using pooled Channel '[id: 0x75b54932, L:/127.0.0.1:63606 - R:localhost/127.0.0.1:42445]' for 'POST' to 'http://localhost:42445/session/1b789b88c4e722deaa03dfdd83c06fca/element/f.878D7FE4F756F12197F95938A6B05667.d.5481ED9086EBCEBE19BC4019F28DCB45.e.82/click'
16:50:17.661 [Forwarding clickElement on session 1b789b88c4e722deaa03dfdd83c06fca to remote] DEBUG org.asynchttpclient.netty.request.NettyRequestSender - Using open Channel [id: 0x75b54932, L:/127.0.0.1:63606 - R:localhost/127.0.0.1:42445] for POST '/session/1b789b88c4e722deaa03dfdd83c06fca/element/f.878D7FE4F756F12197F95938A6B05667.d.5481ED9086EBCEBE19BC4019F28DCB45.e.82/click'
16:50:17.825 [AsyncHttpClient-1-1] DEBUG org.asynchttpclient.netty.channel.DefaultChannelPool - Entry count for : http://localhost:63607 : 1
16:50:18.930 [AsyncHttpClient-1-1] DEBUG org.asynchttpclient.netty.channel.DefaultChannelPool - Entry count for : http://localhost:63607 : 1
16:50:19.770 [AsyncHttpClient-1-2] DEBUG org.asynchttpclient.netty.handler.HttpHandler - 

Request DefaultHttpRequest(decodeResult: success, version: HTTP/1.1)
POST /session/1b789b88c4e722deaa03dfdd83c06fca/element/f.878D7FE4F756F12197F95938A6B05667.d.5481ED9086EBCEBE19BC4019F28DCB45.e.82/click HTTP/1.1
User-Agent: selenium/4.10.0 (java windows)
Content-Length: 88
Content-Type: application/json; charset=utf-8
host: localhost:42445
accept: */*

Response DefaultHttpResponse(decodeResult: success, version: HTTP/1.1)
HTTP/1.1 200 OK
Content-Length: 14
Content-Type: application/json; charset=utf-8
cache-control: no-cache

16:50:19.770 [AsyncHttpClient-1-2] DEBUG org.asynchttpclient.netty.channel.ChannelManager - Adding key: http://localhost:42445 for channel [id: 0x75b54932, L:/127.0.0.1:63606 - R:localhost/127.0.0.1:42445]
16:50:19.771 [main] INFO  testCases.TC_LoginDDTTest - Enter user name and password
16:50:19.774 [Forwarding findElement on session 1b789b88c4e722deaa03dfdd83c06fca to remote] DEBUG org.asynchttpclient.netty.request.NettyRequestSender - Using pooled Channel '[id: 0x75b54932, L:/127.0.0.1:63606 - R:localhost/127.0.0.1:42445]' for 'POST' to 'http://localhost:42445/session/1b789b88c4e722deaa03dfdd83c06fca/element'
16:50:19.774 [Forwarding findElement on session 1b789b88c4e722deaa03dfdd83c06fca to remote] DEBUG org.asynchttpclient.netty.request.NettyRequestSender - Using open Channel [id: 0x75b54932, L:/127.0.0.1:63606 - R:localhost/127.0.0.1:42445] for POST '/session/1b789b88c4e722deaa03dfdd83c06fca/element'
16:50:19.794 [AsyncHttpClient-1-2] DEBUG org.asynchttpclient.netty.handler.HttpHandler - 

Request DefaultHttpRequest(decodeResult: success, version: HTTP/1.1)
POST /session/1b789b88c4e722deaa03dfdd83c06fca/element HTTP/1.1
User-Agent: selenium/4.10.0 (java windows)
Content-Length: 58
Content-Type: application/json; charset=utf-8
host: localhost:42445
accept: */*

Response DefaultHttpResponse(decodeResult: success, version: HTTP/1.1)
HTTP/1.1 200 OK
Content-Length: 126
Content-Type: application/json; charset=utf-8
cache-control: no-cache

16:50:19.794 [AsyncHttpClient-1-2] DEBUG org.asynchttpclient.netty.channel.ChannelManager - Adding key: http://localhost:42445 for channel [id: 0x75b54932, L:/127.0.0.1:63606 - R:localhost/127.0.0.1:42445]
16:50:19.801 [Forwarding sendKeysToElement on session 1b789b88c4e722deaa03dfdd83c06fca to remote] DEBUG org.asynchttpclient.netty.request.NettyRequestSender - Using pooled Channel '[id: 0x75b54932, L:/127.0.0.1:63606 - R:localhost/127.0.0.1:42445]' for 'POST' to 'http://localhost:42445/session/1b789b88c4e722deaa03dfdd83c06fca/element/f.878D7FE4F756F12197F95938A6B05667.d.94FD0953E0F5128839CC5C8F193C1BFF.e.83/value'
16:50:19.801 [Forwarding sendKeysToElement on session 1b789b88c4e722deaa03dfdd83c06fca to remote] DEBUG org.asynchttpclient.netty.request.NettyRequestSender - Using open Channel [id: 0x75b54932, L:/127.0.0.1:63606 - R:localhost/127.0.0.1:42445] for POST '/session/1b789b88c4e722deaa03dfdd83c06fca/element/f.878D7FE4F756F12197F95938A6B05667.d.94FD0953E0F5128839CC5C8F193C1BFF.e.83/value'
16:50:19.893 [AsyncHttpClient-1-2] DEBUG org.asynchttpclient.netty.handler.HttpHandler - 

Request DefaultHttpRequest(decodeResult: success, version: HTTP/1.1)
POST /session/1b789b88c4e722deaa03dfdd83c06fca/element/f.878D7FE4F756F12197F95938A6B05667.d.94FD0953E0F5128839CC5C8F193C1BFF.e.83/value HTTP/1.1
User-Agent: selenium/4.10.0 (java windows)
Content-Length: 249
Content-Type: application/json; charset=utf-8
host: localhost:42445
accept: */*

Response DefaultHttpResponse(decodeResult: success, version: HTTP/1.1)
HTTP/1.1 200 OK
Content-Length: 14
Content-Type: application/json; charset=utf-8
cache-control: no-cache

16:50:19.894 [AsyncHttpClient-1-2] DEBUG org.asynchttpclient.netty.channel.ChannelManager - Adding key: http://localhost:42445 for channel [id: 0x75b54932, L:/127.0.0.1:63606 - R:localhost/127.0.0.1:42445]
16:50:19.896 [Forwarding findElement on session 1b789b88c4e722deaa03dfdd83c06fca to remote] DEBUG org.asynchttpclient.netty.request.NettyRequestSender - Using pooled Channel '[id: 0x75b54932, L:/127.0.0.1:63606 - R:localhost/127.0.0.1:42445]' for 'POST' to 'http://localhost:42445/session/1b789b88c4e722deaa03dfdd83c06fca/element'
16:50:19.896 [Forwarding findElement on session 1b789b88c4e722deaa03dfdd83c06fca to remote] DEBUG org.asynchttpclient.netty.request.NettyRequestSender - Using open Channel [id: 0x75b54932, L:/127.0.0.1:63606 - R:localhost/127.0.0.1:42445] for POST '/session/1b789b88c4e722deaa03dfdd83c06fca/element'
16:50:19.911 [AsyncHttpClient-1-2] DEBUG org.asynchttpclient.netty.handler.HttpHandler - 

Request DefaultHttpRequest(decodeResult: success, version: HTTP/1.1)
POST /session/1b789b88c4e722deaa03dfdd83c06fca/element HTTP/1.1
User-Agent: selenium/4.10.0 (java windows)
Content-Length: 61
Content-Type: application/json; charset=utf-8
host: localhost:42445
accept: */*

Response DefaultHttpResponse(decodeResult: success, version: HTTP/1.1)
HTTP/1.1 200 OK
Content-Length: 126
Content-Type: application/json; charset=utf-8
cache-control: no-cache

16:50:19.911 [AsyncHttpClient-1-2] DEBUG org.asynchttpclient.netty.channel.ChannelManager - Adding key: http://localhost:42445 for channel [id: 0x75b54932, L:/127.0.0.1:63606 - R:localhost/127.0.0.1:42445]
16:50:19.914 [Forwarding sendKeysToElement on session 1b789b88c4e722deaa03dfdd83c06fca to remote] DEBUG org.asynchttpclient.netty.request.NettyRequestSender - Using pooled Channel '[id: 0x75b54932, L:/127.0.0.1:63606 - R:localhost/127.0.0.1:42445]' for 'POST' to 'http://localhost:42445/session/1b789b88c4e722deaa03dfdd83c06fca/element/f.878D7FE4F756F12197F95938A6B05667.d.94FD0953E0F5128839CC5C8F193C1BFF.e.85/value'
16:50:19.914 [Forwarding sendKeysToElement on session 1b789b88c4e722deaa03dfdd83c06fca to remote] DEBUG org.asynchttpclient.netty.request.NettyRequestSender - Using open Channel [id: 0x75b54932, L:/127.0.0.1:63606 - R:localhost/127.0.0.1:42445] for POST '/session/1b789b88c4e722deaa03dfdd83c06fca/element/f.878D7FE4F756F12197F95938A6B05667.d.94FD0953E0F5128839CC5C8F193C1BFF.e.85/value'
16:50:19.969 [AsyncHttpClient-1-2] DEBUG org.asynchttpclient.netty.handler.HttpHandler - 

Request DefaultHttpRequest(decodeResult: success, version: HTTP/1.1)
POST /session/1b789b88c4e722deaa03dfdd83c06fca/element/f.878D7FE4F756F12197F95938A6B05667.d.94FD0953E0F5128839CC5C8F193C1BFF.e.85/value HTTP/1.1
User-Agent: selenium/4.10.0 (java windows)
Content-Length: 209
Content-Type: application/json; charset=utf-8
host: localhost:42445
accept: */*

Response DefaultHttpResponse(decodeResult: success, version: HTTP/1.1)
HTTP/1.1 200 OK
Content-Length: 14
Content-Type: application/json; charset=utf-8
cache-control: no-cache

16:50:19.969 [AsyncHttpClient-1-2] DEBUG org.asynchttpclient.netty.channel.ChannelManager - Adding key: http://localhost:42445 for channel [id: 0x75b54932, L:/127.0.0.1:63606 - R:localhost/127.0.0.1:42445]
16:50:19.970 [main] INFO  testCases.TC_LoginDDTTest - Click on Login Button
16:50:19.970 [Forwarding findElement on session 1b789b88c4e722deaa03dfdd83c06fca to remote] DEBUG org.asynchttpclient.netty.request.NettyRequestSender - Using pooled Channel '[id: 0x75b54932, L:/127.0.0.1:63606 - R:localhost/127.0.0.1:42445]' for 'POST' to 'http://localhost:42445/session/1b789b88c4e722deaa03dfdd83c06fca/element'
16:50:19.971 [Forwarding findElement on session 1b789b88c4e722deaa03dfdd83c06fca to remote] DEBUG org.asynchttpclient.netty.request.NettyRequestSender - Using open Channel [id: 0x75b54932, L:/127.0.0.1:63606 - R:localhost/127.0.0.1:42445] for POST '/session/1b789b88c4e722deaa03dfdd83c06fca/element'
16:50:19.981 [AsyncHttpClient-1-2] DEBUG org.asynchttpclient.netty.handler.HttpHandler - 

Request DefaultHttpRequest(decodeResult: success, version: HTTP/1.1)
POST /session/1b789b88c4e722deaa03dfdd83c06fca/element HTTP/1.1
User-Agent: selenium/4.10.0 (java windows)
Content-Length: 70
Content-Type: application/json; charset=utf-8
host: localhost:42445
accept: */*

Response DefaultHttpResponse(decodeResult: success, version: HTTP/1.1)
HTTP/1.1 200 OK
Content-Length: 126
Content-Type: application/json; charset=utf-8
cache-control: no-cache

16:50:19.981 [AsyncHttpClient-1-2] DEBUG org.asynchttpclient.netty.channel.ChannelManager - Adding key: http://localhost:42445 for channel [id: 0x75b54932, L:/127.0.0.1:63606 - R:localhost/127.0.0.1:42445]
16:50:19.982 [Forwarding clickElement on session 1b789b88c4e722deaa03dfdd83c06fca to remote] DEBUG org.asynchttpclient.netty.request.NettyRequestSender - Using pooled Channel '[id: 0x75b54932, L:/127.0.0.1:63606 - R:localhost/127.0.0.1:42445]' for 'POST' to 'http://localhost:42445/session/1b789b88c4e722deaa03dfdd83c06fca/element/f.878D7FE4F756F12197F95938A6B05667.d.94FD0953E0F5128839CC5C8F193C1BFF.e.94/click'
16:50:19.983 [Forwarding clickElement on session 1b789b88c4e722deaa03dfdd83c06fca to remote] DEBUG org.asynchttpclient.netty.request.NettyRequestSender - Using open Channel [id: 0x75b54932, L:/127.0.0.1:63606 - R:localhost/127.0.0.1:42445] for POST '/session/1b789b88c4e722deaa03dfdd83c06fca/element/f.878D7FE4F756F12197F95938A6B05667.d.94FD0953E0F5128839CC5C8F193C1BFF.e.94/click'
16:50:20.029 [AsyncHttpClient-1-1] DEBUG org.asynchttpclient.netty.channel.DefaultChannelPool - Entry count for : http://localhost:63607 : 1
16:50:20.557 [AsyncHttpClient-1-2] DEBUG org.asynchttpclient.netty.handler.HttpHandler - 

Request DefaultHttpRequest(decodeResult: success, version: HTTP/1.1)
POST /session/1b789b88c4e722deaa03dfdd83c06fca/element/f.878D7FE4F756F12197F95938A6B05667.d.94FD0953E0F5128839CC5C8F193C1BFF.e.94/click HTTP/1.1
User-Agent: selenium/4.10.0 (java windows)
Content-Length: 88
Content-Type: application/json; charset=utf-8
host: localhost:42445
accept: */*

Response DefaultHttpResponse(decodeResult: success, version: HTTP/1.1)
HTTP/1.1 200 OK
Content-Length: 14
Content-Type: application/json; charset=utf-8
cache-control: no-cache

16:50:20.558 [AsyncHttpClient-1-2] DEBUG org.asynchttpclient.netty.channel.ChannelManager - Adding key: http://localhost:42445 for channel [id: 0x75b54932, L:/127.0.0.1:63606 - R:localhost/127.0.0.1:42445]
16:50:20.560 [Forwarding findElement on session 1b789b88c4e722deaa03dfdd83c06fca to remote] DEBUG org.asynchttpclient.netty.request.NettyRequestSender - Using pooled Channel '[id: 0x75b54932, L:/127.0.0.1:63606 - R:localhost/127.0.0.1:42445]' for 'POST' to 'http://localhost:42445/session/1b789b88c4e722deaa03dfdd83c06fca/element'
16:50:20.560 [Forwarding findElement on session 1b789b88c4e722deaa03dfdd83c06fca to remote] DEBUG org.asynchttpclient.netty.request.NettyRequestSender - Using open Channel [id: 0x75b54932, L:/127.0.0.1:63606 - R:localhost/127.0.0.1:42445] for POST '/session/1b789b88c4e722deaa03dfdd83c06fca/element'
16:50:20.578 [AsyncHttpClient-1-2] DEBUG org.asynchttpclient.netty.handler.HttpHandler - 

Request DefaultHttpRequest(decodeResult: success, version: HTTP/1.1)
POST /session/1b789b88c4e722deaa03dfdd83c06fca/element HTTP/1.1
User-Agent: selenium/4.10.0 (java windows)
Content-Length: 72
Content-Type: application/json; charset=utf-8
host: localhost:42445
accept: */*

Response DefaultHttpResponse(decodeResult: success, version: HTTP/1.1)
HTTP/1.1 200 OK
Content-Length: 127
Content-Type: application/json; charset=utf-8
cache-control: no-cache

16:50:20.578 [AsyncHttpClient-1-2] DEBUG org.asynchttpclient.netty.channel.ChannelManager - Adding key: http://localhost:42445 for channel [id: 0x75b54932, L:/127.0.0.1:63606 - R:localhost/127.0.0.1:42445]
16:50:20.586 [Forwarding isElementDisplayed on session 1b789b88c4e722deaa03dfdd83c06fca to remote] DEBUG org.asynchttpclient.netty.request.NettyRequestSender - Using pooled Channel '[id: 0x75b54932, L:/127.0.0.1:63606 - R:localhost/127.0.0.1:42445]' for 'POST' to 'http://localhost:42445/session/1b789b88c4e722deaa03dfdd83c06fca/execute/sync'
16:50:20.587 [Forwarding isElementDisplayed on session 1b789b88c4e722deaa03dfdd83c06fca to remote] DEBUG org.asynchttpclient.netty.request.NettyRequestSender - Using open Channel [id: 0x75b54932, L:/127.0.0.1:63606 - R:localhost/127.0.0.1:42445] for POST '/session/1b789b88c4e722deaa03dfdd83c06fca/execute/sync'
16:50:20.606 [AsyncHttpClient-1-2] DEBUG org.asynchttpclient.netty.handler.HttpHandler - 

Request DefaultHttpRequest(decodeResult: success, version: HTTP/1.1)
POST /session/1b789b88c4e722deaa03dfdd83c06fca/execute/sync HTTP/1.1
User-Agent: selenium/4.10.0 (java windows)
Content-Length: 48846
Content-Type: application/json; charset=utf-8
host: localhost:42445
accept: */*

Response DefaultHttpResponse(decodeResult: success, version: HTTP/1.1)
HTTP/1.1 200 OK
Content-Length: 14
Content-Type: application/json; charset=utf-8
cache-control: no-cache

16:50:20.606 [AsyncHttpClient-1-2] DEBUG org.asynchttpclient.netty.channel.ChannelManager - Adding key: http://localhost:42445 for channel [id: 0x75b54932, L:/127.0.0.1:63606 - R:localhost/127.0.0.1:42445]
16:50:20.608 [Forwarding findElement on session 1b789b88c4e722deaa03dfdd83c06fca to remote] DEBUG org.asynchttpclient.netty.request.NettyRequestSender - Using pooled Channel '[id: 0x75b54932, L:/127.0.0.1:63606 - R:localhost/127.0.0.1:42445]' for 'POST' to 'http://localhost:42445/session/1b789b88c4e722deaa03dfdd83c06fca/element'
16:50:20.608 [Forwarding findElement on session 1b789b88c4e722deaa03dfdd83c06fca to remote] DEBUG org.asynchttpclient.netty.request.NettyRequestSender - Using open Channel [id: 0x75b54932, L:/127.0.0.1:63606 - R:localhost/127.0.0.1:42445] for POST '/session/1b789b88c4e722deaa03dfdd83c06fca/element'
16:50:21.133 [AsyncHttpClient-1-1] DEBUG org.asynchttpclient.netty.channel.DefaultChannelPool - Entry count for : http://localhost:63607 : 1
16:50:22.224 [AsyncHttpClient-1-1] DEBUG org.asynchttpclient.netty.channel.DefaultChannelPool - Entry count for : http://localhost:63607 : 1
16:50:23.325 [AsyncHttpClient-1-1] DEBUG org.asynchttpclient.netty.channel.DefaultChannelPool - Entry count for : http://localhost:63607 : 1
16:50:24.426 [AsyncHttpClient-1-1] DEBUG org.asynchttpclient.netty.channel.DefaultChannelPool - Entry count for : http://localhost:63607 : 1
16:50:25.526 [AsyncHttpClient-1-1] DEBUG org.asynchttpclient.netty.channel.DefaultChannelPool - Entry count for : http://localhost:63607 : 1
16:50:26.624 [AsyncHttpClient-1-1] DEBUG org.asynchttpclient.netty.channel.DefaultChannelPool - Entry count for : http://localhost:63607 : 1
16:50:27.727 [AsyncHttpClient-1-1] DEBUG org.asynchttpclient.netty.channel.DefaultChannelPool - Entry count for : http://localhost:63607 : 1
16:50:28.828 [AsyncHttpClient-1-1] DEBUG org.asynchttpclient.netty.channel.DefaultChannelPool - Entry count for : http://localhost:63607 : 1
16:50:29.924 [AsyncHttpClient-1-1] DEBUG org.asynchttpclient.netty.channel.DefaultChannelPool - Entry count for : http://localhost:63607 : 1
16:50:31.031 [AsyncHttpClient-1-1] DEBUG org.asynchttpclient.netty.channel.DefaultChannelPool - Entry count for : http://localhost:63607 : 1
16:50:32.130 [AsyncHttpClient-1-1] DEBUG org.asynchttpclient.netty.channel.DefaultChannelPool - Entry count for : http://localhost:63607 : 1
16:50:33.228 [AsyncHttpClient-1-1] DEBUG org.asynchttpclient.netty.channel.DefaultChannelPool - Entry count for : http://localhost:63607 : 1
16:50:34.325 [AsyncHttpClient-1-1] DEBUG org.asynchttpclient.netty.channel.DefaultChannelPool - Entry count for : http://localhost:63607 : 1
16:50:35.425 [AsyncHttpClient-1-1] DEBUG org.asynchttpclient.netty.channel.DefaultChannelPool - Entry count for : http://localhost:63607 : 1
16:50:36.526 [AsyncHttpClient-1-1] DEBUG org.asynchttpclient.netty.channel.DefaultChannelPool - Entry count for : http://localhost:63607 : 1
16:50:37.629 [AsyncHttpClient-1-1] DEBUG org.asynchttpclient.netty.channel.DefaultChannelPool - Entry count for : http://localhost:63607 : 1
16:50:38.727 [AsyncHttpClient-1-1] DEBUG org.asynchttpclient.netty.channel.DefaultChannelPool - Entry count for : http://localhost:63607 : 1
16:50:39.825 [AsyncHttpClient-1-1] DEBUG org.asynchttpclient.netty.channel.DefaultChannelPool - Entry count for : http://localhost:63607 : 1
16:50:40.933 [AsyncHttpClient-1-1] DEBUG org.asynchttpclient.netty.channel.DefaultChannelPool - Entry count for : http://localhost:63607 : 1
16:50:42.036 [AsyncHttpClient-1-1] DEBUG org.asynchttpclient.netty.channel.DefaultChannelPool - Entry count for : http://localhost:63607 : 1
16:50:43.138 [AsyncHttpClient-1-1] DEBUG org.asynchttpclient.netty.channel.DefaultChannelPool - Entry count for : http://localhost:63607 : 1
16:50:44.227 [AsyncHttpClient-1-1] DEBUG org.asynchttpclient.netty.channel.DefaultChannelPool - Entry count for : http://localhost:63607 : 1
16:50:45.332 [AsyncHttpClient-1-1] DEBUG org.asynchttpclient.netty.channel.DefaultChannelPool - Entry count for : http://localhost:63607 : 1
